<?xml version="1.0" encoding="UTF-8"?>
<testng-results skipped="0" failed="0" ignored="0" total="1" passed="1">
  <reporter-output>
  </reporter-output>
  <suite name="WebDriver" duration-ms="16179" started-at="2019-10-14T03:13:10Z" finished-at="2019-10-14T03:13:26Z">
    <groups>
    </groups>
    <test name="Tests" duration-ms="16179" started-at="2019-10-14T03:13:10Z" finished-at="2019-10-14T03:13:26Z">
      <class name="TestNg.addbook">
        <test-method status="PASS" signature="launch()[pri:0, instance:TestNg.addbook@28d25987]" name="launch" is-config="true" duration-ms="10598" started-at="2019-10-14T03:13:10Z" finished-at="2019-10-14T03:13:20Z">
          <reporter-output>
          </reporter-output>
        </test-method> <!-- launch -->
        <test-method status="PASS" signature="verfiyaddbook()[pri:0, instance:TestNg.addbook@28d25987]" name="verfiyaddbook" duration-ms="5085" started-at="2019-10-14T03:13:20Z" finished-at="2019-10-14T03:13:25Z">
          <reporter-output>
          </reporter-output>
        </test-method> <!-- verfiyaddbook -->
        <test-method status="PASS" signature="close()[pri:0, instance:TestNg.addbook@28d25987]" name="close" is-config="true" duration-ms="405" started-at="2019-10-14T03:13:25Z" finished-at="2019-10-14T03:13:26Z">
          <reporter-output>
          </reporter-output>
        </test-method> <!-- close -->
      </class> <!-- TestNg.addbook -->
    </test> <!-- Tests -->
  </suite> <!-- WebDriver -->
</testng-results>
